========================================
Start processing subject: sub-CC00054XX05_ses-8800
Load T2 image ... Done.
Load T1 image ... Done.
----------------------------------------
Brain extraction starts ...
Brain extraction ends. Runtime: 0.5694 sec.
----------------------------------------
Bias field correction starts ...
T2 bias field correction ends. Runtime: 5.5002 sec.
Compute T1/T2 ratio ... Done.
----------------------------------------
Cortical ribbon segmentation starts ...
Cortical ribbon segmentation ends. Runtime: 0.5934 sec.
----------------------------------------
Affine registration starts ...
Dice after registration: 0.9636759193935078
Affine registration ends. Runtime: 5.5882 sec.
----------------------------------------
Surface reconstruction (left) starts ...
Surface reconstruction (left) ends. Runtime: 1.7959 sec.
----------------------------------------
Surface inflation (left) starts ...
Surface inflation (left) ends. Runtime: 2.9828 sec.
----------------------------------------
Spherical mapping (left) starts ...
Edge distortion: 0.1282mm
Area distortion: 0.0243mm^2
Spherical mapping (left) ends. Runtime: 0.6109 sec.
----------------------------------------
Feature estimation (left) starts ...
Estimate cortical thickness ... Done.
Estimate curvature ... Done.
Estimate sulcal depth ... Done.
Estimate myelin map ... Done.
Feature estimation (left) ends. Runtime: 8.3606 sec.
----------------------------------------
Surface reconstruction (right) starts ...
Surface reconstruction (right) ends. Runtime: 1.813 sec.
----------------------------------------
Surface inflation (right) starts ...
Surface inflation (right) ends. Runtime: 2.9844 sec.
----------------------------------------
Spherical mapping (right) starts ...
Edge distortion: 0.1313mm
Area distortion: 0.0236mm^2
Spherical mapping (right) ends. Runtime: 0.6418 sec.
----------------------------------------
Feature estimation (right) starts ...
Estimate cortical thickness ... Done.
Estimate curvature ... Done.
Estimate sulcal depth ... Done.
Estimate myelin map ... Done.
Feature estimation (right) ends. Runtime: 8.4789 sec.
----------------------------------------
Finished. Total runtime: 42.8921 sec.
========================================
