========================================
Start processing subject: sub-CC00051XX02_ses-7702
Load T2 image ... Done.
Load T1 image ... Done.
----------------------------------------
Brain extraction starts ...
Brain extraction ends. Runtime: 3.3842 sec.
----------------------------------------
Bias field correction starts ...
T2 bias field correction ends. Runtime: 4.9588 sec.
Compute T1/T2 ratio ... Done.
----------------------------------------
Cortical ribbon segmentation starts ...
Cortical ribbon segmentation ends. Runtime: 0.609 sec.
----------------------------------------
Affine registration starts ...
Dice after registration: 0.9547295298851538
Affine registration ends. Runtime: 5.8446 sec.
----------------------------------------
Surface reconstruction (left) starts ...
Surface reconstruction (left) ends. Runtime: 2.0395 sec.
----------------------------------------
Surface inflation (left) starts ...
Surface inflation (left) ends. Runtime: 2.994 sec.
----------------------------------------
Spherical mapping (left) starts ...
Edge distortion: 0.1241mm
Area distortion: 0.023mm^2
Spherical mapping (left) ends. Runtime: 0.6125 sec.
----------------------------------------
Feature estimation (left) starts ...
Estimate cortical thickness ... Done.
Estimate curvature ... Done.
Estimate sulcal depth ... Done.
Estimate myelin map ... Done.
Feature estimation (left) ends. Runtime: 2.3563 sec.
----------------------------------------
Surface reconstruction (right) starts ...
Surface reconstruction (right) ends. Runtime: 1.8578 sec.
----------------------------------------
Surface inflation (right) starts ...
Surface inflation (right) ends. Runtime: 3.012 sec.
----------------------------------------
Spherical mapping (right) starts ...
Edge distortion: 0.1264mm
Area distortion: 0.0237mm^2
Spherical mapping (right) ends. Runtime: 0.6221 sec.
----------------------------------------
Feature estimation (right) starts ...
Estimate cortical thickness ... Done.
Estimate curvature ... Done.
Estimate sulcal depth ... Done.
Estimate myelin map ... Done.
Feature estimation (right) ends. Runtime: 2.3019 sec.
----------------------------------------
Finished. Total runtime: 33.5844 sec.
========================================
