========================================
Start processing subject: sub-CC00050XX01_ses-7201
Load T2 image ... Done.
----------------------------------------
Brain extraction starts ...
Brain extraction ends. Runtime: 3.4754 sec.
----------------------------------------
Bias field correction starts ...
T2 bias field correction ends. Runtime: 6.6385 sec.
----------------------------------------
Cortical ribbon segmentation starts ...
Cortical ribbon segmentation ends. Runtime: 0.5938 sec.
----------------------------------------
Affine registration starts ...
Dice after registration: 0.9621755617589585
Affine registration ends. Runtime: 5.9308 sec.
----------------------------------------
Surface reconstruction (left) starts ...
Surface reconstruction (left) ends. Runtime: 2.1044 sec.
----------------------------------------
Surface inflation (left) starts ...
Surface inflation (left) ends. Runtime: 3.0204 sec.
----------------------------------------
Spherical mapping (left) starts ...
Edge distortion: 0.1477mm
Area distortion: 0.0325mm^2
Spherical mapping (left) ends. Runtime: 0.6072 sec.
----------------------------------------
Feature estimation (left) starts ...
Estimate cortical thickness ... Done.
Estimate curvature ... Done.
Estimate sulcal depth ... Done.
Feature estimation (left) ends. Runtime: 2.1839 sec.
----------------------------------------
Surface reconstruction (right) starts ...
Surface reconstruction (right) ends. Runtime: 1.8266 sec.
----------------------------------------
Surface inflation (right) starts ...
Surface inflation (right) ends. Runtime: 2.9773 sec.
----------------------------------------
Spherical mapping (right) starts ...
Edge distortion: 0.1461mm
Area distortion: 0.0308mm^2
Spherical mapping (right) ends. Runtime: 0.6114 sec.
----------------------------------------
Feature estimation (right) starts ...
Estimate cortical thickness ... Done.
Estimate curvature ... Done.
Estimate sulcal depth ... Done.
Feature estimation (right) ends. Runtime: 2.1583 sec.
----------------------------------------
Finished. Total runtime: 32.9506 sec.
========================================
