========================================
Start processing subject: sub-CC00052XX03_ses-8300
Load T2 image ... Done.
Load T1 image ... Done.
----------------------------------------
Brain extraction starts ...
Brain extraction ends. Runtime: 0.5744 sec.
----------------------------------------
Bias field correction starts ...
T2 bias field correction ends. Runtime: 5.1371 sec.
Compute T1/T2 ratio ... Done.
----------------------------------------
Cortical ribbon segmentation starts ...
Cortical ribbon segmentation ends. Runtime: 0.6008 sec.
----------------------------------------
Affine registration starts ...
Dice after registration: 0.9616126396502334
Affine registration ends. Runtime: 5.6651 sec.
----------------------------------------
Surface reconstruction (left) starts ...
Surface reconstruction (left) ends. Runtime: 1.7889 sec.
----------------------------------------
Surface inflation (left) starts ...
Surface inflation (left) ends. Runtime: 2.9786 sec.
----------------------------------------
Spherical mapping (left) starts ...
Edge distortion: 0.1203mm
Area distortion: 0.0226mm^2
Spherical mapping (left) ends. Runtime: 0.6086 sec.
----------------------------------------
Feature estimation (left) starts ...
Estimate cortical thickness ... Done.
Estimate curvature ... Done.
Estimate sulcal depth ... Done.
Estimate myelin map ... Done.
Feature estimation (left) ends. Runtime: 8.3951 sec.
----------------------------------------
Surface reconstruction (right) starts ...
Surface reconstruction (right) ends. Runtime: 1.7891 sec.
----------------------------------------
Surface inflation (right) starts ...
Surface inflation (right) ends. Runtime: 2.9884 sec.
----------------------------------------
Spherical mapping (right) starts ...
Edge distortion: 0.1207mm
Area distortion: 0.023mm^2
Spherical mapping (right) ends. Runtime: 0.6016 sec.
----------------------------------------
Feature estimation (right) starts ...
Estimate cortical thickness ... Done.
Estimate curvature ... Done.
Estimate sulcal depth ... Done.
Estimate myelin map ... Done.
Feature estimation (right) ends. Runtime: 8.3264 sec.
----------------------------------------
Finished. Total runtime: 42.4283 sec.
========================================
